#
# A fatal error has been detected by the Java Runtime Environment:
#
#  EXCEPTION_ACCESS_VIOLATION (0xc0000005) at pc=0x000000007b8c9c95, pid=11368, tid=13520
#
# JRE version: 6.0_17-b04
# Java VM: Java HotSpot(TM) 64-Bit Server VM (14.3-b01 mixed mode windows-amd64 )
# Problematic frame:
# C  [mlutil.dll+0x249c95]
#
# If you would like to submit a bug report, please visit:
#   http://java.sun.com/webapps/bugreport/crash.jsp
# The crash happened outside the Java Virtual Machine in native code.
# See problematic frame for where to report the bug.
#

---------------  T H R E A D  ---------------

Current thread (0x000000005bb2b800):  JavaThread "AddressBar directory emptiness poller" daemon [_thread_in_native, id=13520, stack(0x00000000e6f70000,0x00000000eaf70000)]

siginfo: ExceptionCode=0xc0000005, reading address 0x0000000000000050

Registers:
EAX=0x00000000eaf6f328, EBX=0xffffffffffffffff, ECX=0x0000000008cbc2c0, EDX=0x00000000eaf6f328
ESP=0x00000000eaf6f240, EBP=0x00000000eaf6f328, ESI=0x00000000eaf6f328, EDI=0x0000000000000000
EIP=0x000000007b8c9c95, EFLAGS=0x0000000000010202

Top of Stack: (sp=0x00000000eaf6f240)
0x00000000eaf6f240:   000000005bb2b800 000000007b6a53d8
0x00000000eaf6f250:   00000000eaf6f5b0 000000005bb2b9b8
0x00000000eaf6f260:   00000000eaf6f3d0 0000000008cbc240
0x00000000eaf6f270:   00000000eaf6f318 000000007b8d5987
0x00000000eaf6f280:   00000000eaf6f318 00000000eaf6f318
0x00000000eaf6f290:   0000000000000000 000000007b68caa4
0x00000000eaf6f2a0:   0000000008c9e530 fffffffffffffffe
0x00000000eaf6f2b0:   0000000000000000 00000000eaf6f498
0x00000000eaf6f2c0:   00000000eaf6f3c8 000000007b8d9be1
0x00000000eaf6f2d0:   0000000000000000 00000000eaf6f318
0x00000000eaf6f2e0:   000000005ea01b68 000000007b74c60e
0x00000000eaf6f2f0:   fffffffffffffffe ffffffff00000001
0x00000000eaf6f300:   0000000000000000 0000000008cbbc10
0x00000000eaf6f310:   0000000008cbbbf0 0000000000000000
0x00000000eaf6f320:   0000000000000000 00706f746b736564
0x00000000eaf6f330:   00000000eaf6f1f0 0000000000000007 

Instructions: (pc=0x000000007b8c9c95)
0x000000007b8c9c85:   48 83 ec 20 4c 8b 61 08 48 8b f2 49 8b 5c 24 08
0x000000007b8c9c95:   80 7b 51 00 0f 85 82 00 00 00 48 89 6c 24 40 48 


Stack: [0x00000000e6f70000,0x00000000eaf70000],  sp=0x00000000eaf6f240,  free space=65532k
Native frames: (J=compiled Java code, j=interpreted, Vv=VM code, C=native code)
C  [mlutil.dll+0x249c95]

Java frames: (J=compiled Java code, j=interpreted, Vv=VM code)
J  com.mathworks.services.settings.SettingPath.nativeIsChildNode(J[Ljava/lang/String;Ljava/lang/String;)Z
J  com.mathworks.services.settings.Setting.getInternal(ZLcom/mathworks/services/settings/SettingLevel;)Ljava/lang/Object;
J  com.mathworks.mlwidgets.explorer.widgets.address.AddressBar$EmptyPoller$1.run()V
J  java.util.TimerThread.mainLoop()V
j  java.util.TimerThread.run()V+1
v  ~StubRoutines::call_stub

---------------  P R O C E S S  ---------------

Java Threads: ( => current thread )
  0x000000005bb2c800 JavaThread "Explorer NavigationContext request queue" daemon [_thread_blocked, id=20392, stack(0x0000000021e50000,0x0000000025e50000)]
  0x000000005bb30000 JavaThread "pool-1-thread-1" [_thread_blocked, id=12192, stack(0x00000000f6f70000,0x00000000faf70000)]
  0x000000005bb2d000 JavaThread "Code Analyzer updating thread" [_thread_blocked, id=14128, stack(0x00000000eef70000,0x00000000f2f70000)]
  0x000000005bb30800 JavaThread "Code Analyzer updating thread" [_thread_blocked, id=11132, stack(0x00000000ac000000,0x00000000b0000000)]
  0x000000005bb33000 JavaThread "Prefs Updater" daemon [_thread_blocked, id=14000, stack(0x00000000a4000000,0x00000000a8000000)]
  0x000000005bb28800 JavaThread "Code Analyzer updating thread" [_thread_blocked, id=13996, stack(0x00000000daf70000,0x00000000def70000)]
  0x000000005bb2f000 JavaThread "Active Reference Queue Daemon" daemon [_thread_blocked, id=11512, stack(0x00000000d6f70000,0x00000000daf70000)]
  0x000000005bb2e000 JavaThread "Timer-2" daemon [_thread_blocked, id=12768, stack(0x0000000025e50000,0x0000000029e50000)]
  0x000000005bb31800 JavaThread "Timer-1" daemon [_thread_blocked, id=12780, stack(0x0000000108f10000,0x000000010cf10000)]
  0x000000005bb32000 JavaThread "com.jniwrapper.NativeResourceCollector" daemon [_thread_blocked, id=13836, stack(0x00000000eaf70000,0x00000000eef70000)]
  0x000000005bb2a000 JavaThread "Swing-Shell" daemon [_thread_blocked, id=12936, stack(0x00000000def70000,0x00000000e2f70000)]
  0x000000005bb2e800 JavaThread "ClipboardMonitor Timer" daemon [_thread_blocked, id=13912, stack(0x00000000f2f70000,0x00000000f6f70000)]
=>0x000000005bb2b800 JavaThread "AddressBar directory emptiness poller" daemon [_thread_in_native, id=13520, stack(0x00000000e6f70000,0x00000000eaf70000)]
  0x000000005bb2b000 JavaThread "Explorer Refresh Service 389194975" daemon [_thread_blocked, id=11820, stack(0x00000000e2f70000,0x00000000e6f70000)]
  0x000000005bb28000 JavaThread "Thread-4" daemon [_thread_blocked, id=13928, stack(0x00000000d2f70000,0x00000000d6f70000)]
  0x000000005bb27800 JavaThread "TimerQueue" daemon [_thread_blocked, id=12384, stack(0x00000000cc000000,0x00000000d0000000)]
  0x000000005bb26800 JavaThread "Thread-3" daemon [_thread_blocked, id=12592, stack(0x00000000bc000000,0x00000000c0000000)]
  0x000000005bb26000 JavaThread "AWT-EventQueue-0" [_thread_blocked, id=13396, stack(0x00000000b8000000,0x00000000bc000000)]
  0x000000005bb25000 JavaThread "AWT-Shutdown" [_thread_blocked, id=11432, stack(0x00000000b4000000,0x00000000b8000000)]
  0x000000005bb24800 JavaThread "FelixPackageAdmin" daemon [_thread_blocked, id=12996, stack(0x00000000c8000000,0x00000000cc000000)]
  0x000000005bb23800 JavaThread "FelixStartLevel" daemon [_thread_blocked, id=8448, stack(0x00000000c4000000,0x00000000c8000000)]
  0x000000005bb1e000 JavaThread "FelixDispatchQueue" daemon [_thread_blocked, id=12588, stack(0x00000000c0000000,0x00000000c4000000)]
  0x000000005b32e800 JavaThread "com.google.common.base.internal.Finalizer" daemon [_thread_blocked, id=12476, stack(0x00000000b0000000,0x00000000b4000000)]
  0x000000005b731800 JavaThread "AWT-Windows" daemon [_thread_in_native, id=13692, stack(0x00000000a8000000,0x00000000ac000000)]
  0x000000005b6a5000 JavaThread "Java2D Disposer" daemon [_thread_blocked, id=13948, stack(0x00000000a0000000,0x00000000a4000000)]
  0x000000005b32f800 JavaThread "Timer-0" [_thread_blocked, id=3660, stack(0x000000009c000000,0x00000000a0000000)]
  0x000000005b1eb800 JavaThread "EventMgr Dispatcher" daemon [_thread_in_native, id=12544, stack(0x0000000098000000,0x000000009c000000)]
  0x000000005a09b000 JavaThread "Low Memory Detector" daemon [_thread_blocked, id=10436, stack(0x0000000090000000,0x0000000094000000)]
  0x000000005a091800 JavaThread "CompilerThread1" daemon [_thread_blocked, id=10720, stack(0x000000008c000000,0x0000000090000000)]
  0x000000005a047000 JavaThread "CompilerThread0" daemon [_thread_blocked, id=9804, stack(0x0000000088000000,0x000000008c000000)]
  0x000000005a046000 JavaThread "Attach Listener" daemon [_thread_blocked, id=3744, stack(0x0000000084000000,0x0000000088000000)]
  0x000000005a029000 JavaThread "Finalizer" daemon [_thread_blocked, id=10904, stack(0x0000000080000000,0x0000000084000000)]
  0x000000005a028000 JavaThread "Reference Handler" daemon [_thread_blocked, id=13200, stack(0x000000006de10000,0x0000000071e10000)]
  0x0000000006548800 JavaThread "main" [_thread_in_native, id=9740, stack(0x0000000000030000,0x0000000004030000)]

Other Threads:
  0x000000005a025000 VMThread [stack: 0x0000000069e10000,0x000000006de10000] [id=6960]
  0x000000005a0e7800 WatcherThread [stack: 0x0000000094000000,0x0000000098000000] [id=14272]

VM state:not at safepoint (normal execution)

VM Mutex/Monitor currently owned by a thread: None

Heap
 PSYoungGen      total 16064K, used 9788K [0x000000004ee80000, 0x0000000051c60000, 0x0000000051f80000)
  eden space 15872K, 60% used [0x000000004ee80000,0x000000004f7e0f68,0x000000004fe00000)
  from space 192K, 96% used [0x0000000051c30000,0x0000000051c5e350,0x0000000051c60000)
  to   space 640K, 0% used [0x0000000051b20000,0x0000000051b20000,0x0000000051bc0000)
 PSOldGen        total 67904K, used 62884K [0x0000000045b80000, 0x0000000049dd0000, 0x000000004ee80000)
  object space 67904K, 92% used [0x0000000045b80000,0x00000000498e9268,0x0000000049dd0000)
 PSPermGen       total 107840K, used 74498K [0x000000003db80000, 0x00000000444d0000, 0x0000000045b80000)
  object space 107840K, 69% used [0x000000003db80000,0x00000000424409c8,0x00000000444d0000)

Dynamic libraries:
0x0000000140000000 - 0x0000000140028000 	C:\Program Files\MATLAB\R2013a\bin\win64\MATLAB.exe
0x00000000778e0000 - 0x0000000077a89000 	C:\Windows\SYSTEM32\ntdll.dll
0x00000000777c0000 - 0x00000000778df000 	C:\Windows\system32\kernel32.dll
0x000007fefd840000 - 0x000007fefd8ab000 	C:\Windows\system32\KERNELBASE.dll
0x0000000074460000 - 0x0000000074515000 	C:\Program Files\MATLAB\R2013a\bin\win64\libut.dll
0x00000000758a0000 - 0x000000007595f000 	C:\Program Files\MATLAB\R2013a\bin\win64\libmwi18n.dll
0x0000000180000000 - 0x000000018000d000 	C:\Program Files\MATLAB\R2013a\bin\win64\libmwresource_core.dll
0x00000000722a0000 - 0x0000000072338000 	C:\Program Files\MATLAB\R2013a\bin\win64\MSVCP100.dll
0x00000000721c0000 - 0x0000000072292000 	C:\Program Files\MATLAB\R2013a\bin\win64\MSVCR100.dll
0x0000000072420000 - 0x000000007242e000 	C:\Program Files\MATLAB\R2013a\bin\win64\boost_date_time-vc100-mt-1_49.dll
0x00000000723b0000 - 0x00000000723dc000 	C:\Program Files\MATLAB\R2013a\bin\win64\boost_filesystem-vc100-mt-1_49.dll
0x00000000723a0000 - 0x00000000723a9000 	C:\Program Files\MATLAB\R2013a\bin\win64\boost_system-vc100-mt-1_49.dll
0x000007feff7f0000 - 0x000007feff8cb000 	C:\Windows\system32\ADVAPI32.dll
0x000007feff8d0000 - 0x000007feff96f000 	C:\Windows\system32\msvcrt.dll
0x000007feff7d0000 - 0x000007feff7ef000 	C:\Windows\SYSTEM32\sechost.dll
0x000007feff970000 - 0x000007feffa9d000 	C:\Windows\system32\RPCRT4.dll
0x0000000072370000 - 0x0000000072395000 	C:\Program Files\MATLAB\R2013a\bin\win64\LIBEXPAT.dll
0x00000000697b0000 - 0x000000006993a000 	C:\Program Files\MATLAB\R2013a\bin\win64\icuin49.dll
0x0000000069990000 - 0x0000000069ace000 	C:\Program Files\MATLAB\R2013a\bin\win64\icuuc49.dll
0x000000005c1f0000 - 0x000000005d312000 	C:\Program Files\MATLAB\R2013a\bin\win64\icudt49.dll
0x0000000072360000 - 0x0000000072370000 	C:\Program Files\MATLAB\R2013a\bin\win64\icuio49.dll
0x0000000073f70000 - 0x0000000074112000 	C:\Program Files\MATLAB\R2013a\bin\win64\libmwfl.dll
0x000000007a350000 - 0x000000007a737000 	C:\Program Files\MATLAB\R2013a\bin\win64\libmwMATLAB_res.dll
0x0000000069d30000 - 0x0000000069e0f000 	C:\Program Files\MATLAB\R2013a\bin\win64\boost_regex-vc100-mt-1_49.dll
0x00000000776c0000 - 0x00000000777ba000 	C:\Windows\system32\USER32.dll
0x000007feffaa0000 - 0x000007feffb07000 	C:\Windows\system32\GDI32.dll
0x000007fefdd70000 - 0x000007fefdd7e000 	C:\Windows\system32\LPK.dll
0x000007feff6e0000 - 0x000007feff7a9000 	C:\Windows\system32\USP10.dll
0x0000000072340000 - 0x0000000072351000 	C:\Program Files\MATLAB\R2013a\bin\win64\boost_signals-vc100-mt-1_49.dll
0x0000000072180000 - 0x0000000072191000 	C:\Program Files\MATLAB\R2013a\bin\win64\boost_thread-vc100-mt-1_49.dll
0x000007fef6b60000 - 0x000007fef6bec000 	C:\Program Files\MATLAB\R2013a\bin\win64\boost_log-vc100-mt-1_49.dll
0x0000000077ab0000 - 0x0000000077ab7000 	C:\Windows\system32\PSAPI.DLL
0x000007fefe0d0000 - 0x000007fefe11d000 	C:\Windows\system32\WS2_32.dll
0x000007fefe440000 - 0x000007fefe448000 	C:\Windows\system32\NSI.dll
0x000007fefa400000 - 0x000007fefa433000 	C:\Program Files\MATLAB\R2013a\bin\win64\tbb.dll
0x000007feff7b0000 - 0x000007feff7c9000 	C:\Windows\system32\imagehlp.dll
0x000007fefbf70000 - 0x000007fefbf9c000 	C:\Windows\system32\POWRPROF.dll
0x000007fefe4e0000 - 0x000007fefe6b7000 	C:\Windows\system32\SETUPAPI.dll
0x000007fefda20000 - 0x000007fefda56000 	C:\Windows\system32\CFGMGR32.dll
0x000007feffb10000 - 0x000007feffbe7000 	C:\Windows\system32\OLEAUT32.dll
0x000007feff4d0000 - 0x000007feff6d3000 	C:\Windows\system32\ole32.dll
0x000007fefdaa0000 - 0x000007fefdaba000 	C:\Windows\system32\DEVOBJ.dll
0x0000000004100000 - 0x0000000004121000 	C:\Program Files\MATLAB\R2013a\bin\win64\libmwmfl_scalar.dll
0x000007fefabc0000 - 0x000007feface5000 	C:\Windows\system32\dbghelp.dll
0x0000000004240000 - 0x000000000456f000 	C:\Program Files\MATLAB\R2013a\bin\win64\libmwservices.dll
0x0000000075a20000 - 0x0000000075b0b000 	C:\Program Files\MATLAB\R2013a\bin\win64\libmx.dll
0x000007fefaae0000 - 0x000007fefab08000 	C:\Program Files\MATLAB\R2013a\bin\win64\tbbmalloc.dll
0x00000000721a0000 - 0x00000000721b7000 	C:\Program Files\MATLAB\R2013a\bin\win64\zlib1.dll
0x0000000004570000 - 0x00000000045be000 	C:\Program Files\MATLAB\R2013a\bin\win64\libmwregexp.dll
0x0000000075f10000 - 0x0000000075f57000 	C:\Program Files\MATLAB\R2013a\bin\win64\mpath.dll
0x000000007b680000 - 0x000000007bc66000 	C:\Program Files\MATLAB\R2013a\bin\win64\mlutil.dll
0x00000000754d0000 - 0x0000000075547000 	C:\Program Files\MATLAB\R2013a\bin\win64\xmlcore.dll
0x0000000069560000 - 0x00000000697a1000 	C:\Program Files\MATLAB\R2013a\bin\win64\xerces-c_2_7.dll
0x00000000045c0000 - 0x00000000045e2000 	C:\Program Files\MATLAB\R2013a\bin\win64\libmwMATLAB_settings_res.dll
0x000007fefb1d0000 - 0x000007fefb1e0000 	C:\Program Files\MATLAB\R2013a\bin\win64\boost_iostreams-vc100-mt-1_49.dll
0x000007fef79e0000 - 0x000007fef7a26000 	C:\Program Files\MATLAB\R2013a\bin\win64\boost_serialization-vc100-mt-1_49.dll
0x000007fefe740000 - 0x000007feff4c8000 	C:\Windows\system32\SHELL32.dll
0x000007fefe120000 - 0x000007fefe191000 	C:\Windows\system32\SHLWAPI.dll
0x00000000045f0000 - 0x00000000045f6000 	C:\Program Files\MATLAB\R2013a\bin\win64\libmwnativedisplay.dll
0x000007fef8e80000 - 0x000007fef8f20000 	C:\Windows\WinSxS\amd64_microsoft.windows.common-controls_6595b64144ccf1df_5.82.7601.18201_none_a4d3b9377117c3df\COMCTL32.dll
0x000007fefe1a0000 - 0x000007fefe237000 	C:\Windows\system32\COMDLG32.dll
0x000007fefb2c0000 - 0x000007fefb2d6000 	C:\Windows\system32\NETAPI32.dll
0x000007fefb2b0000 - 0x000007fefb2bc000 	C:\Windows\system32\netutils.dll
0x000007fefd200000 - 0x000007fefd223000 	C:\Windows\system32\srvcli.dll
0x000007fefb290000 - 0x000007fefb2a5000 	C:\Windows\system32\wkscli.dll
0x0000000074970000 - 0x0000000074a18000 	C:\Program Files\MATLAB\R2013a\bin\win64\mcr.dll
0x0000000075000000 - 0x00000000753b1000 	C:\Program Files\MATLAB\R2013a\bin\win64\iqm.dll
0x0000000074e80000 - 0x0000000074f30000 	C:\Program Files\MATLAB\R2013a\bin\win64\m_dispatcher.dll
0x0000000004600000 - 0x0000000004e08000 	C:\Program Files\MATLAB\R2013a\bin\win64\m_interpreter.dll
0x0000000004e10000 - 0x0000000004e34000 	C:\Program Files\MATLAB\R2013a\bin\win64\libmex.dll
0x0000000075430000 - 0x00000000754ab000 	C:\Program Files\MATLAB\R2013a\bin\win64\profiler.dll
0x0000000004e40000 - 0x00000000050c3000 	C:\Program Files\MATLAB\R2013a\bin\win64\libmwmathutil.dll
0x0000000079f40000 - 0x0000000079f66000 	C:\Program Files\MATLAB\R2013a\bin\win64\libmwmathrng.dll
0x00000000050d0000 - 0x00000000050e0000 	C:\Program Files\MATLAB\R2013a\bin\win64\libmwmfl_rng.dll
0x0000000074c10000 - 0x0000000074cf8000 	C:\Program Files\MATLAB\R2013a\bin\win64\libmwmathcore.dll
0x0000000076160000 - 0x00000000761c3000 	C:\Program Files\MATLAB\R2013a\bin\win64\libmwspmatrix.dll
0x000000007b0a0000 - 0x000000007b2f6000 	C:\Program Files\MATLAB\R2013a\bin\win64\mcos.dll
0x0000000075ea0000 - 0x0000000075f02000 	C:\Program Files\MATLAB\R2013a\bin\win64\libmwcholmod.dll
0x00000000050f0000 - 0x00000000050fd000 	C:\Program Files\MATLAB\R2013a\bin\win64\libmwamd.dll
0x0000000073cf0000 - 0x0000000073d93000 	C:\Windows\WinSxS\amd64_microsoft.vc90.crt_1fc8b3b9a1e18e3b_9.0.30729.6161_none_08e61857a83bc251\MSVCR90.dll
0x0000000005110000 - 0x000000000511c000 	C:\Program Files\MATLAB\R2013a\bin\win64\libmwcolamd.dll
0x000000007a290000 - 0x000000007a2a3000 	C:\Program Files\MATLAB\R2013a\bin\win64\libmwblas.dll
0x000000007a310000 - 0x000000007a325000 	C:\Program Files\MATLAB\R2013a\bin\win64\libmwbinder.dll
0x0000000005130000 - 0x000000000513b000 	C:\Program Files\MATLAB\R2013a\bin\win64\libmwompwrapper.dll
0x0000000075820000 - 0x000000007589e000 	C:\Program Files\MATLAB\R2013a\bin\win64\libmwlapack.dll
0x000000007a1b0000 - 0x000000007a1d0000 	C:\Program Files\MATLAB\R2013a\bin\win64\m_pcodeio.dll
0x0000000079b10000 - 0x0000000079b6c000 	C:\Program Files\MATLAB\R2013a\bin\win64\m_ir.dll
0x0000000078ed0000 - 0x0000000079579000 	C:\Program Files\MATLAB\R2013a\bin\win64\m_parser.dll
0x000000007a2f0000 - 0x000000007a307000 	C:\Program Files\MATLAB\R2013a\bin\win64\ir_xfmr.dll
0x0000000005140000 - 0x0000000005150000 	C:\Program Files\MATLAB\R2013a\bin\win64\mtok.dll
0x000000007a130000 - 0x000000007a158000 	C:\Program Files\MATLAB\R2013a\bin\win64\m_pcodegen.dll
0x0000000079fb0000 - 0x0000000079fdf000 	C:\Program Files\MATLAB\R2013a\bin\win64\libmwbridge.dll
0x0000000074f40000 - 0x0000000074ff6000 	C:\Program Files\MATLAB\R2013a\bin\win64\udd.dll
0x0000000005150000 - 0x000000000529e000 	C:\Program Files\MATLAB\R2013a\bin\win64\libmwgui.dll
0x000000007a1d0000 - 0x000000007a1f4000 	C:\Program Files\MATLAB\R2013a\bin\win64\graphics_util.dll
0x000007fef3a60000 - 0x000007fef3b18000 	C:\Program Files\MATLAB\R2013a\bin\win64\libtex_base.dll
0x00000000052a0000 - 0x0000000005be3000 	C:\Program Files\MATLAB\R2013a\bin\win64\hg.dll
0x0000000076100000 - 0x000000007615a000 	C:\Program Files\MATLAB\R2013a\bin\win64\libmat.dll
0x0000000072d30000 - 0x0000000072f38000 	C:\Program Files\MATLAB\R2013a\bin\win64\hdf5dll.dll
0x0000000075710000 - 0x00000000757d8000 	C:\Program Files\MATLAB\R2013a\bin\win64\jmi.dll
0x0000000005c00000 - 0x0000000005c0e000 	C:\Program Files\MATLAB\R2013a\bin\win64\nativejava_services.dll
0x0000000005c10000 - 0x0000000005c50000 	C:\Program Files\MATLAB\R2013a\bin\win64\libmwhardcopy.dll
0x0000000075c70000 - 0x0000000075cce000 	C:\Program Files\MATLAB\R2013a\bin\win64\libuij.dll
0x0000000072f50000 - 0x000000007318f000 	C:\Program Files\MATLAB\R2013a\bin\win64\hgdatatypes.dll
0x0000000005c50000 - 0x0000000005d3b000 	C:\Program Files\MATLAB\R2013a\bin\win64\hgutils.dll
0x0000000005d40000 - 0x0000000005dee000 	C:\Program Files\MATLAB\R2013a\bin\win64\udd_mi.dll
0x0000000005df0000 - 0x0000000005e26000 	C:\Program Files\MATLAB\R2013a\bin\win64\libmwgbtutils.dll
0x0000000005e30000 - 0x0000000005e44000 	C:\Program Files\MATLAB\R2013a\bin\win64\libmwgbt.dll
0x0000000005e50000 - 0x000000000611e000 	C:\Program Files\MATLAB\R2013a\bin\win64\uiw.dll
0x0000000006120000 - 0x0000000006129000 	C:\Program Files\MATLAB\R2013a\bin\win64\uinone.dll
0x0000000006130000 - 0x0000000006156000 	C:\Program Files\MATLAB\R2013a\bin\win64\libmwnativefiledialogs.dll
0x0000000006160000 - 0x000000000616c000 	C:\Program Files\MATLAB\R2013a\bin\win64\libmwplatform_res.dll
0x000007fefb5b0000 - 0x000007fefb5c8000 	C:\Windows\system32\MPR.dll
0x000000005f5f0000 - 0x000000005fb4d000 	C:\Program Files\MATLAB\R2013a\bin\win64\mfc100.dll
0x000007fef9f20000 - 0x000007fef9f27000 	C:\Windows\system32\MSIMG32.dll
0x000007fef8c40000 - 0x000007fef8cb1000 	C:\Windows\system32\WINSPOOL.DRV
0x0000000006170000 - 0x000000000618d000 	C:\Program Files\MATLAB\R2013a\bin\win64\mwoles05.DLL
0x0000000006190000 - 0x00000000061fc000 	C:\Program Files\MATLAB\R2013a\bin\win64\comcli.dll
0x0000000072120000 - 0x000000007214b000 	C:\Program Files\MATLAB\R2013a\bin\win64\ATL100.DLL
0x0000000006200000 - 0x000000000620c000 	C:\Program Files\MATLAB\R2013a\bin\win64\mlautoregister.dll
0x0000000006210000 - 0x0000000006366000 	C:\Program Files\MATLAB\R2013a\bin\win64\mvm.dll
0x000007fefe450000 - 0x000007fefe47e000 	C:\Windows\system32\IMM32.DLL
0x000007fefdd80000 - 0x000007fefde89000 	C:\Windows\system32\MSCTF.dll
0x000007fefb9e0000 - 0x000007fefba36000 	C:\Windows\system32\UxTheme.dll
0x000007fefc050000 - 0x000007fefc068000 	C:\Windows\system32\dwmapi.dll
0x0000000072170000 - 0x0000000072179000 	C:\Program Files\MATLAB\R2013a\bin\win64\MFC100CHT.DLL
0x0000000006600000 - 0x000000000664e000 	C:\Program Files\MATLAB\R2013a\bin\win64\MVMLocal.dll
0x000007fefd690000 - 0x000007fefd69f000 	C:\Windows\system32\profapi.dll

VM Arguments:
jvm_args: -XX:PermSize=32m -Xms64m -XX:NewRatio=3 -XX:MaxPermSize=128m -Xmx196m -XX:MaxDirectMemorySize=2147400000 -Dsun.java2d.noddraw=true -Dsun.awt.nopixfmt=true -Xshare:off -Xrs -Dsun.awt.disableMixing=true -Djava.library.path=C:\Program Files\MATLAB\R2013a\bin\win64;C:\Program Files\MATLAB\R2013a\sys\jxbrowser\win64\lib vfprintf abort 
java_command: <unknown>
Launcher Type: generic

Environment Variables:
PATH=C:\Program Files\MATLAB\R2013a\bin\win64;C:\Microsoft Visual Studio\Common\Tools\WinNT;C:\Microsoft Visual Studio\Common\MSDev98\Bin;C:\Microsoft Visual Studio\Common\Tools;C:\Microsoft Visual Studio\VC98\bin;C:\Perl\bin;d:\Symbian\6.1\Shared\epoc32\gcc\bin;C:\Symbian\6.1\Shared\epoc32\tools;C:\Windows\system32;C:\Windows;C:\Windows\System32\Wbem;C:\Program Files\MATLAB\R2013a\runtime\win64;C:\Program Files\MATLAB\R2013a\bin
USERNAME=Shih Yun
OS=Windows_NT
PROCESSOR_IDENTIFIER=Intel64 Family 6 Model 58 Stepping 9, GenuineIntel



---------------  S Y S T E M  ---------------

OS: Windows 7 Build 7601 Service Pack 1

CPU:total 4 (8 cores per cpu, 2 threads per core) family 6 model 58 stepping 9, cmov, cx8, fxsr, mmx, sse, sse2, sse3, ssse3, sse4.1, sse4.2, ht

Memory: 4k page, physical 8280236k(4765716k free), swap 16558608k(10628572k free)

vm_info: Java HotSpot(TM) 64-Bit Server VM (14.3-b01) for windows-amd64 JRE (1.6.0_17-b04), built on Oct 11 2009 00:46:08 by "java_re" with MS VC++ 8.0

time: Sun Feb 02 21:16:52 2014
elapsed time: 972316 seconds

